<?xml version="1.0" encoding="UTF-8"?>
<testsuite name="com.co.jbustamante.runners.MensajeMakersRunner" tests="0" skipped="0" failures="0" errors="0" timestamp="1970-01-01T00:00:00" hostname="LAPTOP-341DQTER" time="0.0">
  <properties/>
  <system-out><![CDATA[
?[31mFailed scenarios:?[0m
?[31msrc/test/resources/features/mensaje_makers.feature:22 ?[0m# Manejo de selenium

1 Scenarios (?[31m1 failed?[0m)
5 Steps (?[31m1 failed?[0m, ?[36m2 skipped?[0m, ?[32m2 passed?[0m)
0m18,299s

java.lang.NullPointerException
	at net.serenitybdd.screenplay.abilities.BrowseTheWeb.as(BrowseTheWeb.java:41)
	at net.serenitybdd.screenplay.targets.XPathOrCssTarget.resolveFor(XPathOrCssTarget.java:21)
	at com.co.jbustamante.utilities.Util.CapturaT(Util.java:25)
	at com.co.jbustamante.stepdefinitions.MensajeMakersStep.capturar_el_numero_de_celular_de_servicio_al_cliente(MensajeMakersStep.java:49)
	at ?.capturar el numero de celular de servicio al cliente(src/test/resources/features/mensaje_makers.feature:8)

]]></system-out>
  <system-err><![CDATA[SLF4J: Failed to load class "org.slf4j.impl.StaticLoggerBinder".
SLF4J: Defaulting to no-operation (NOP) logger implementation
SLF4J: See http://www.slf4j.org/codes.html#StaticLoggerBinder for further details.
]]></system-err>
</testsuite>
