<?xml version="1.0" encoding="UTF-8"?>
<testsuite name="Registro Utest" tests="1" skipped="0" failures="0" errors="0" timestamp="2021-10-25T02:45:28" hostname="LAPTOP-341DQTER" time="84.088">
  <properties/>
  <testcase name="Registro Exitoso Utest" classname="Registro Utest" time="84.088"/>
  <system-out><![CDATA[]]></system-out>
  <system-err><![CDATA[oct. 24, 2021 9:45:29 P. M. org.openqa.selenium.remote.DesiredCapabilities chrome
INFORMACIÓN: Using `new ChromeOptions()` is preferred to `DesiredCapabilities.chrome()`
Starting ChromeDriver 95.0.4638.17 (a9d0719444d4b035e284ed1fce73bf6ccd789df2-refs/branch-heads/4638@{#178}) on port 17846
Only local connections are allowed.
Please see https://chromedriver.chromium.org/security-considerations for suggestions on keeping ChromeDriver safe.
ChromeDriver was started successfully.
oct. 24, 2021 9:45:36 P. M. org.openqa.selenium.remote.ProtocolHandshake createSession
INFORMACIÓN: Detected dialect: W3C
[1635129975.634][SEVERE]: Timed out receiving message from renderer: 10.000
[1635129975.635][WARNING]: screenshot failed, retrying timeout: Timed out receiving message from renderer: 10.000
]]></system-err>
</testsuite>
