<?xml version="1.0" encoding="UTF-8"?>
<testsuite name="com.co.jbustamante.runners.MensajeMakersRunner" tests="0" skipped="0" failures="0" errors="0" timestamp="1970-01-01T00:00:00" hostname="LAPTOP-341DQTER" time="0.0">
  <properties/>
  <system-out><![CDATA[
?[31mFailed scenarios:?[0m
?[31msrc/test/resources/features/mensaje_makers.feature:22 ?[0m# Manejo de selenium

1 Scenarios (?[31m1 failed?[0m)
5 Steps (?[31m1 failed?[0m, ?[32m4 passed?[0m)
0m19,402s

java.lang.AssertionError: Expected mensaje enviado question
Expected: is <true>
     but: was <false>
	at net.serenitybdd.screenplay.ErrorTally.throwSummaryExceptionFrom(ErrorTally.java:36)
	at net.serenitybdd.screenplay.ErrorTally.reportAnyErrors(ErrorTally.java:30)
	at net.serenitybdd.screenplay.Actor.should(Actor.java:301)
	at com.co.jbustamante.stepdefinitions.MensajeMakersStep.antes_de_hacer_clic_en_el_boton_enviar_mensaje_tomar_un_pantallazo_con_la_informacion_diligenciada(MensajeMakersStep.java:64)
	at ?.antes de hacer clic en el boton "enviar mensaje" tomar un pantallazo con la informacion diligenciada(src/test/resources/features/mensaje_makers.feature:15)

]]></system-out>
  <system-err><![CDATA[SLF4J: Failed to load class "org.slf4j.impl.StaticLoggerBinder".
SLF4J: Defaulting to no-operation (NOP) logger implementation
SLF4J: See http://www.slf4j.org/codes.html#StaticLoggerBinder for further details.
]]></system-err>
</testsuite>
